<?xml version="1.0" encoding="UTF-8"?>
<testng-results ignored="0" total="1" passed="1" failed="0" skipped="0">
  <reporter-output>
  </reporter-output>
  <suite started-at="2022-09-22T10:50:14 IST" name="Default suite" finished-at="2022-09-22T10:50:52 IST" duration-ms="37436">
    <groups>
    </groups>
    <test started-at="2022-09-22T10:50:14 IST" name="Default test" finished-at="2022-09-22T10:50:52 IST" duration-ms="37436">
      <class name="testNGscripts.IFrameDemo">
        <test-method signature="f()[pri:0, instance:testNGscripts.IFrameDemo@481a996b]" started-at="2022-09-22T10:50:14 IST" name="f" finished-at="2022-09-22T10:50:52 IST" duration-ms="37394" status="PASS">
          <reporter-output>
          </reporter-output>
        </test-method> <!-- f -->
      </class> <!-- testNGscripts.IFrameDemo -->
    </test> <!-- Default test -->
  </suite> <!-- Default suite -->
</testng-results>
